Compiling the CUDA compiler identification source file "CMakeCUDACompilerId.cu" failed.
Compiler: /usr/local/cuda/bin/nvcc 
Build flags: "--expt-relaxed-constexpr"
Id flags:  -v;--keep;--keep-dir;tmp

The output was:
1
#$ _SPACE_= 
#$ _CUDART_=cudart
#$ _HERE_=/usr/local/cuda/bin
#$ _THERE_=/usr/local/cuda/bin
#$ _TARGET_SIZE_=
#$ _TARGET_DIR_=
#$ _TARGET_DIR_=targets/x86_64-linux
#$ TOP=/usr/local/cuda/bin/..
#$ NVVMIR_LIBRARY_DIR=/usr/local/cuda/bin/../nvvm/libdevice
#$ LD_LIBRARY_PATH=/usr/local/cuda/bin/../lib:/usr/local/nvidia/lib:/usr/local/nvidia/lib64
#$ PATH=/usr/local/cuda/bin/../nvvm/bin:/usr/local/cuda/bin:/root/anaconda3/bin:/root/anaconda3/bin:/usr/local/nvidia/bin:/usr/local/cuda/bin:/usr/local/sbin:/usr/local/bin:/usr/sbin:/usr/bin:/sbin:/bin
#$ INCLUDES="-I/usr/local/cuda/bin/../targets/x86_64-linux/include"  
#$ LIBRARIES=  "-L/usr/local/cuda/bin/../targets/x86_64-linux/lib/stubs" "-L/usr/local/cuda/bin/../targets/x86_64-linux/lib"
#$ CUDAFE_FLAGS=
#$ PTXAS_FLAGS=
nvcc fatal   : Don't know what to do with '"--expt-relaxed-constexpr"'


Determining if the pthread_create exist failed with the following output:
Change Dir: /mnt/sdb/yckim/second_v1.5/new_iou/spconv/build/temp.linux-x86_64-3.6/CMakeFiles/CMakeTmp

Run Build Command(s):/usr/bin/make cmTC_77cb2/fast 
/usr/bin/make -f CMakeFiles/cmTC_77cb2.dir/build.make CMakeFiles/cmTC_77cb2.dir/build
make[1]: Entering directory '/mnt/sdb/yckim/second_v1.5/new_iou/spconv/build/temp.linux-x86_64-3.6/CMakeFiles/CMakeTmp'
Building CXX object CMakeFiles/cmTC_77cb2.dir/CheckSymbolExists.cxx.o
/usr/bin/c++    -DVERSION_INFO=\"1.0\"    -o CMakeFiles/cmTC_77cb2.dir/CheckSymbolExists.cxx.o -c /mnt/sdb/yckim/second_v1.5/new_iou/spconv/build/temp.linux-x86_64-3.6/CMakeFiles/CMakeTmp/CheckSymbolExists.cxx
Linking CXX executable cmTC_77cb2
/usr/local/bin/cmake -E cmake_link_script CMakeFiles/cmTC_77cb2.dir/link.txt --verbose=1
/usr/bin/c++  -DVERSION_INFO=\"1.0\"     CMakeFiles/cmTC_77cb2.dir/CheckSymbolExists.cxx.o  -o cmTC_77cb2 
CMakeFiles/cmTC_77cb2.dir/CheckSymbolExists.cxx.o: In function `main':
CheckSymbolExists.cxx:(.text+0x1b): undefined reference to `pthread_create'
collect2: error: ld returned 1 exit status
CMakeFiles/cmTC_77cb2.dir/build.make:86: recipe for target 'cmTC_77cb2' failed
make[1]: *** [cmTC_77cb2] Error 1
make[1]: Leaving directory '/mnt/sdb/yckim/second_v1.5/new_iou/spconv/build/temp.linux-x86_64-3.6/CMakeFiles/CMakeTmp'
Makefile:121: recipe for target 'cmTC_77cb2/fast' failed
make: *** [cmTC_77cb2/fast] Error 2

File /mnt/sdb/yckim/second_v1.5/new_iou/spconv/build/temp.linux-x86_64-3.6/CMakeFiles/CMakeTmp/CheckSymbolExists.cxx:
/* */
#include <pthread.h>

int main(int argc, char** argv)
{
  (void)argv;
#ifndef pthread_create
  return ((int*)(&pthread_create))[argc];
#else
  (void)argc;
  return 0;
#endif
}

Determining if the function pthread_create exists in the pthreads failed with the following output:
Change Dir: /mnt/sdb/yckim/second_v1.5/new_iou/spconv/build/temp.linux-x86_64-3.6/CMakeFiles/CMakeTmp

Run Build Command(s):/usr/bin/make cmTC_27718/fast 
/usr/bin/make -f CMakeFiles/cmTC_27718.dir/build.make CMakeFiles/cmTC_27718.dir/build
make[1]: Entering directory '/mnt/sdb/yckim/second_v1.5/new_iou/spconv/build/temp.linux-x86_64-3.6/CMakeFiles/CMakeTmp'
Building CXX object CMakeFiles/cmTC_27718.dir/CheckFunctionExists.cxx.o
/usr/bin/c++    -DVERSION_INFO=\"1.0\" -DCHECK_FUNCTION_EXISTS=pthread_create   -o CMakeFiles/cmTC_27718.dir/CheckFunctionExists.cxx.o -c /mnt/sdb/yckim/second_v1.5/new_iou/spconv/build/temp.linux-x86_64-3.6/CMakeFiles/CheckLibraryExists/CheckFunctionExists.cxx
Linking CXX executable cmTC_27718
/usr/local/bin/cmake -E cmake_link_script CMakeFiles/cmTC_27718.dir/link.txt --verbose=1
/usr/bin/c++  -DVERSION_INFO=\"1.0\" -DCHECK_FUNCTION_EXISTS=pthread_create    CMakeFiles/cmTC_27718.dir/CheckFunctionExists.cxx.o  -o cmTC_27718 -lpthreads 
/usr/bin/ld: cannot find -lpthreads
collect2: error: ld returned 1 exit status
CMakeFiles/cmTC_27718.dir/build.make:86: recipe for target 'cmTC_27718' failed
make[1]: *** [cmTC_27718] Error 1
make[1]: Leaving directory '/mnt/sdb/yckim/second_v1.5/new_iou/spconv/build/temp.linux-x86_64-3.6/CMakeFiles/CMakeTmp'
Makefile:121: recipe for target 'cmTC_27718/fast' failed
make: *** [cmTC_27718/fast] Error 2


